<?xml version="1.0" encoding="UTF-8"?>
<testng-results ignored="0" total="1" passed="1" failed="0" skipped="0">
  <reporter-output>
  </reporter-output>
  <suite started-at="2022-03-02T00:35:35 CET" name="Suite" finished-at="2022-03-02T00:35:39 CET" duration-ms="3952">
    <groups>
    </groups>
    <test started-at="2022-03-02T00:35:35 CET" name="Test" finished-at="2022-03-02T00:35:39 CET" duration-ms="3952">
      <class name="com.APITests.E2ETest">
        <test-method is-config="true" signature="init()[pri:0, instance:com.APITests.E2ETest@26b3fd41]" started-at="2022-03-02T00:35:35 CET" name="init" finished-at="2022-03-02T00:35:36 CET" duration-ms="866" status="PASS">
          <reporter-output>
          </reporter-output>
        </test-method> <!-- init -->
        <test-method signature="GetSingleUserRegisterLogin()[pri:0, instance:com.APITests.E2ETest@26b3fd41]" started-at="2022-03-02T00:35:36 CET" name="GetSingleUserRegisterLogin" finished-at="2022-03-02T00:35:39 CET" duration-ms="3053" status="PASS">
          <reporter-output>
          </reporter-output>
        </test-method> <!-- GetSingleUserRegisterLogin -->
      </class> <!-- com.APITests.E2ETest -->
    </test> <!-- Test -->
  </suite> <!-- Suite -->
</testng-results>
